<?xml version="1.0" encoding="UTF-8"?>
<testng-results ignored="0" total="2" passed="2" failed="0" skipped="0">
  <reporter-output>
  </reporter-output>
  <suite started-at="2019-07-18T17:07:14Z" name="Suite" finished-at="2019-07-18T17:07:20Z" duration-ms="6680">
    <groups>
    </groups>
    <test started-at="2019-07-18T17:07:14Z" name="Test" finished-at="2019-07-18T17:07:20Z" duration-ms="6680">
      <class name="orange_HRM.Orange_Testcases">
        <test-method is-config="true" signature="OpenBrowser()[pri:0, instance:orange_HRM.Orange_Testcases@38364841]" started-at="2019-07-18T17:07:02Z" name="OpenBrowser" finished-at="2019-07-18T17:07:14Z" duration-ms="11534" status="PASS">
          <reporter-output>
          </reporter-output>
        </test-method> <!-- OpenBrowser -->
        <test-method signature="login()[pri:0, instance:orange_HRM.Orange_Testcases@38364841]" started-at="2019-07-18T17:07:14Z" name="login" finished-at="2019-07-18T17:07:16Z" duration-ms="2184" status="PASS">
          <reporter-output>
          </reporter-output>
        </test-method> <!-- login -->
        <test-method signature="search()[pri:0, instance:orange_HRM.Orange_Testcases@38364841]" started-at="2019-07-18T17:07:16Z" name="search" finished-at="2019-07-18T17:07:20Z" duration-ms="4460" status="PASS">
          <reporter-output>
          </reporter-output>
        </test-method> <!-- search -->
        <test-method is-config="true" signature="closeBrowser()[pri:0, instance:orange_HRM.Orange_Testcases@38364841]" started-at="2019-07-18T17:07:21Z" name="closeBrowser" finished-at="2019-07-18T17:07:21Z" duration-ms="0" status="PASS">
          <reporter-output>
          </reporter-output>
        </test-method> <!-- closeBrowser -->
      </class> <!-- orange_HRM.Orange_Testcases -->
    </test> <!-- Test -->
  </suite> <!-- Suite -->
</testng-results>
