<?xml version="1.0" encoding="UTF-8"?>
<testng-results ignored="0" total="1" passed="1" failed="0" skipped="0">
  <reporter-output>
  </reporter-output>
  <suite started-at="2019-07-18T15:06:17Z" name="Default suite" finished-at="2019-07-18T15:06:19Z" duration-ms="2205">
    <groups>
    </groups>
    <test started-at="2019-07-18T15:06:17Z" name="Default test" finished-at="2019-07-18T15:06:19Z" duration-ms="2205">
      <class name="orange_HRM.Orange_Testcases">
        <test-method is-config="true" signature="OpenBrowser()[pri:0, instance:orange_HRM.Orange_Testcases@2b6856dd]" started-at="2019-07-18T15:06:07Z" name="OpenBrowser" finished-at="2019-07-18T15:06:17Z" duration-ms="10410" status="PASS">
          <reporter-output>
          </reporter-output>
        </test-method> <!-- OpenBrowser -->
        <test-method signature="login()[pri:0, instance:orange_HRM.Orange_Testcases@2b6856dd]" started-at="2019-07-18T15:06:17Z" name="login" finished-at="2019-07-18T15:06:19Z" duration-ms="2181" status="PASS">
          <reporter-output>
          </reporter-output>
        </test-method> <!-- login -->
        <test-method is-config="true" signature="closeBrowser()[pri:0, instance:orange_HRM.Orange_Testcases@2b6856dd]" started-at="2019-07-18T15:06:19Z" name="closeBrowser" finished-at="2019-07-18T15:06:19Z" duration-ms="39" status="PASS">
          <reporter-output>
          </reporter-output>
        </test-method> <!-- closeBrowser -->
      </class> <!-- orange_HRM.Orange_Testcases -->
    </test> <!-- Default test -->
  </suite> <!-- Default suite -->
</testng-results>
